<testsuites id="" name="" tests="2" failures="1" skipped="0" errors="0" time="16.637448">
<testsuite name="testFiles\checkoutFlow.spec.ts" timestamp="2025-05-04T06:39:49.054Z" hostname="" tests="1" failures="0" skipped="0" time="7.793" errors="0">
<testcase name="@regression CheckOut a Product Verify" classname="testFiles\checkoutFlow.spec.ts" time="7.793">
</testcase>
</testsuite>
<testsuite name="testFiles\removeFromCart.spec.ts" timestamp="2025-05-04T06:39:49.054Z" hostname="" tests="1" failures="1" skipped="0" time="8.81" errors="0">
<testcase name="@regression Remove a Product from Cart and Verify" classname="testFiles\removeFromCart.spec.ts" time="8.81">
<failure message="removeFromCart.spec.ts:2:5 @regression Remove a Product from Cart and Verify" type="FAILURE">
<![CDATA[  testFiles\removeFromCart.spec.ts:2:5 › @regression Remove a Product from Cart and Verify ─────────

    Error: expect(received).toBeTruthy()

    Received: false

      11 | await cartItems.locator("//div[@class='item_pricebar']/button").click();
      12 | const emptyCart= await cartItems.isVisible();
    > 13 | expect(emptyCart).toBeTruthy();
         |                   ^
      14 |
      15 |
      16 | });
        at E:\Playwrong\tests\testFiles\removeFromCart.spec.ts:13:19

    attachment #1: video (video/webm) ──────────────────────────────────────────────────────────────
    test-results\testFiles-removeFromCart---89ab2-roduct-from-Cart-and-Verify\video.webm
    ────────────────────────────────────────────────────────────────────────────────────────────────

    Error Context: ..\test-results\testFiles-removeFromCart---89ab2-roduct-from-Cart-and-Verify\error-context.md

    Retry #1 ───────────────────────────────────────────────────────────────────────────────────────

    Error: expect(received).toBeTruthy()

    Received: false

      11 | await cartItems.locator("//div[@class='item_pricebar']/button").click();
      12 | const emptyCart= await cartItems.isVisible();
    > 13 | expect(emptyCart).toBeTruthy();
         |                   ^
      14 |
      15 |
      16 | });
        at E:\Playwrong\tests\testFiles\removeFromCart.spec.ts:13:19

    attachment #1: video (video/webm) ──────────────────────────────────────────────────────────────
    test-results\testFiles-removeFromCart---89ab2-roduct-from-Cart-and-Verify-retry1\video.webm
    ────────────────────────────────────────────────────────────────────────────────────────────────

    Error Context: ..\test-results\testFiles-removeFromCart---89ab2-roduct-from-Cart-and-Verify-retry1\error-context.md
]]>
</failure>
<system-out>
<![CDATA[
[[ATTACHMENT|testFiles-removeFromCart---89ab2-roduct-from-Cart-and-Verify\video.webm]]

[[ATTACHMENT|testFiles-removeFromCart---89ab2-roduct-from-Cart-and-Verify\error-context.md]]

[[ATTACHMENT|testFiles-removeFromCart---89ab2-roduct-from-Cart-and-Verify-retry1\video.webm]]

[[ATTACHMENT|testFiles-removeFromCart---89ab2-roduct-from-Cart-and-Verify-retry1\error-context.md]]
]]>
</system-out>
</testcase>
</testsuite>
</testsuites>