<testsuites id="" name="" tests="1" failures="0" skipped="0" errors="0" time="8.866360999997704">
<testsuite name="testFiles\sortItems.spec.ts" timestamp="2025-05-04T17:07:31.661Z" hostname="" tests="1" failures="0" skipped="0" time="2.331" errors="0">
<testcase name="@regression sort Items › @smoke Add a Product to Cart and Verify" classname="testFiles\sortItems.spec.ts" time="2.331">
<system-out>
<![CDATA[[33mtrue[39m
[ [33m49.99[39m, [33m29.99[39m, [33m15.99[39m, [33m15.99[39m, [33m9.99[39m, [33m7.99[39m ]
[33mtrue[39m
[ [33m7.99[39m, [33m9.99[39m, [33m15.99[39m, [33m15.99[39m, [33m29.99[39m, [33m49.99[39m ]
[33mtrue[39m
]]>
</system-out>
</testcase>
</testsuite>
</testsuites>