<testsuites id="" name="" tests="1" failures="1" skipped="0" errors="0" time="10.102896000000182">
<testsuite name="testFiles\checkoutFlow.spec.ts" timestamp="2025-05-04T11:32:08.948Z" hostname="" tests="1" failures="1" skipped="0" time="3.437" errors="0">
<testcase name="checkOut Flow Page › @regression CheckOut a Product Verify" classname="testFiles\checkoutFlow.spec.ts" time="3.437">
<failure message="checkoutFlow.spec.ts:22:9 @regression CheckOut a Product Verify" type="FAILURE">
<![CDATA[  testFiles\checkoutFlow.spec.ts:22:9 › checkOut Flow Page › @regression CheckOut a Product Verify ─

    Error: expect(received).toBe(expected) // Object.is equality

    Expected: "Thank you for your order!!"
    Received: "Thank you for your order!"

       at PageObjects\checkoutFlowPage.ts:43

      41 | async verifyOrderConfirmation(){
      42 |     await this.orderFinishConfirmMessage.isVisible();
    > 43 |     expect(await this.orderFinishConfirmMessage.textContent()).toBe('Thank you for your order!!');
         |                                                                ^
      44 | }
      45 | }
        at CheckOutPage.verifyOrderConfirmation (E:\Playwrong\tests\PageObjects\checkoutFlowPage.ts:43:64)
        at E:\Playwrong\tests\testFiles\checkoutFlow.spec.ts:29:9

    attachment #1: video (video/webm) ──────────────────────────────────────────────────────────────
    test-results\testFiles-checkoutFlow-che-4a0ac-n-CheckOut-a-Product-Verify\video.webm
    ────────────────────────────────────────────────────────────────────────────────────────────────

    Error Context: ..\test-results\testFiles-checkoutFlow-che-4a0ac-n-CheckOut-a-Product-Verify\error-context.md
]]>
</failure>
<system-out>
<![CDATA[
[[ATTACHMENT|testFiles-checkoutFlow-che-4a0ac-n-CheckOut-a-Product-Verify\video.webm]]

[[ATTACHMENT|testFiles-checkoutFlow-che-4a0ac-n-CheckOut-a-Product-Verify\error-context.md]]
]]>
</system-out>
</testcase>
</testsuite>
</testsuites>